# JRE version: Java(TM) SE Runtime Environment (8.0_121-b13) (build 1.8.0_121-b13)
# Java VM: Java HotSpot(TM) 64-Bit Server VM (25.121-b13 mixed mode windows-amd64 compressed oops)
Heap:
 PSYoungGen      total 220672K, used 98926K [0x00000000d8600000, 0x00000000e6f00000, 0x0000000100000000)
  eden space 205824K, 40% used [0x00000000d8600000,0x00000000dd822340,0x00000000e4f00000)
  from space 14848K, 99% used [0x00000000e5e80000,0x00000000e6cf9880,0x00000000e6d00000)
  to   space 15872K, 0% used [0x00000000e4f00000,0x00000000e4f00000,0x00000000e5e80000)
 ParOldGen       total 99840K, used 28204K [0x0000000089200000, 0x000000008f380000, 0x00000000d8600000)
  object space 99840K, 28% used [0x0000000089200000,0x000000008ad8b350,0x000000008f380000)
 Metaspace       used 43340K, capacity 43712K, committed 44160K, reserved 1087488K
  class space    used 5375K, capacity 5473K, committed 5504K, reserved 1048576K
GC Heap History (10 events):
Event: 84.521 GC heap before
{Heap before GC invocations=18 (full 2):
 PSYoungGen      total 146432K, used 143254K [0x00000000d8600000, 0x00000000e4e00000, 0x0000000100000000)
  eden space 134144K, 100% used [0x00000000d8600000,0x00000000e0900000,0x00000000e0900000)
  from space 12288K, 74% used [0x00000000e0900000,0x00000000e11e5ac0,0x00000000e1500000)
  to   space 12800K, 0% used [0x00000000e4180000,0x00000000e4180000,0x00000000e4e00000)
 ParOldGen       total 99840K, used 20024K [0x0000000089200000, 0x000000008f380000, 0x00000000d8600000)
  object space 99840K, 20% used [0x0000000089200000,0x000000008a58e1f8,0x000000008f380000)
 Metaspace       used 41235K, capacity 41680K, committed 41984K, reserved 1085440K
  class space    used 5135K, capacity 5273K, committed 5376K, reserved 1048576K
Event: 84.538 GC heap after
Heap after GC invocations=18 (full 2):
 PSYoungGen      total 186368K, used 11585K [0x00000000d8600000, 0x00000000e4d00000, 0x0000000100000000)
  eden space 174592K, 0% used [0x00000000d8600000,0x00000000d8600000,0x00000000e3080000)
  from space 11776K, 98% used [0x00000000e4180000,0x00000000e4cd07f0,0x00000000e4d00000)
  to   space 13824K, 0% used [0x00000000e3200000,0x00000000e3200000,0x00000000e3f80000)
 ParOldGen       total 99840K, used 20032K [0x0000000089200000, 0x000000008f380000, 0x00000000d8600000)
  object space 99840K, 20% used [0x0000000089200000,0x000000008a5901f8,0x000000008f380000)
 Metaspace       used 41235K, capacity 41680K, committed 41984K, reserved 1085440K
  class space    used 5135K, capacity 5273K, committed 5376K, reserved 1048576K
}
Event: 87.131 GC heap before
{Heap before GC invocations=19 (full 2):
 PSYoungGen      total 186368K, used 186177K [0x00000000d8600000, 0x00000000e4d00000, 0x0000000100000000)
  eden space 174592K, 100% used [0x00000000d8600000,0x00000000e3080000,0x00000000e3080000)
  from space 11776K, 98% used [0x00000000e4180000,0x00000000e4cd07f0,0x00000000e4d00000)
  to   space 13824K, 0% used [0x00000000e3200000,0x00000000e3200000,0x00000000e3f80000)
 ParOldGen       total 99840K, used 20032K [0x0000000089200000, 0x000000008f380000, 0x00000000d8600000)
  object space 99840K, 20% used [0x0000000089200000,0x000000008a5901f8,0x000000008f380000)
 Metaspace       used 41735K, capacity 42166K, committed 42496K, reserved 1087488K
  class space    used 5191K, capacity 5306K, committed 5376K, reserved 1048576K
Event: 87.150 GC heap after
Heap after GC invocations=19 (full 2):
 PSYoungGen      total 189952K, used 12055K [0x00000000d8600000, 0x00000000e6d00000, 0x0000000100000000)
  eden space 176128K, 0% used [0x00000000d8600000,0x00000000d8600000,0x00000000e3200000)
  from space 13824K, 87% used [0x00000000e3200000,0x00000000e3dc5de0,0x00000000e3f80000)
  to   space 14848K, 0% used [0x00000000e5e80000,0x00000000e5e80000,0x00000000e6d00000)
 ParOldGen       total 99840K, used 20040K [0x0000000089200000, 0x000000008f380000, 0x00000000d8600000)
  object space 99840K, 20% used [0x0000000089200000,0x000000008a5921f8,0x000000008f380000)
 Metaspace       used 41735K, capacity 42166K, committed 42496K, reserved 1087488K
  class space    used 5191K, capacity 5306K, committed 5376K, reserved 1048576K
}
Event: 89.729 GC heap before
{Heap before GC invocations=20 (full 2):
 PSYoungGen      total 189952K, used 188183K [0x00000000d8600000, 0x00000000e6d00000, 0x0000000100000000)
  eden space 176128K, 100% used [0x00000000d8600000,0x00000000e3200000,0x00000000e3200000)
  from space 13824K, 87% used [0x00000000e3200000,0x00000000e3dc5de0,0x00000000e3f80000)
  to   space 14848K, 0% used [0x00000000e5e80000,0x00000000e5e80000,0x00000000e6d00000)
 ParOldGen       total 99840K, used 20040K [0x0000000089200000, 0x000000008f380000, 0x00000000d8600000)
  object space 99840K, 20% used [0x0000000089200000,0x000000008a5921f8,0x000000008f380000)
 Metaspace       used 42456K, capacity 42836K, committed 43264K, reserved 1087488K
  class space    used 5270K, capacity 5375K, committed 5376K, reserved 1048576K
Event: 89.755 GC heap after
Heap after GC invocations=20 (full 2):
 PSYoungGen      total 220672K, used 13191K [0x00000000d8600000, 0x00000000e6f00000, 0x0000000100000000)
  eden space 205824K, 0% used [0x00000000d8600000,0x00000000d8600000,0x00000000e4f00000)
  from space 14848K, 88% used [0x00000000e5e80000,0x00000000e6b61e48,0x00000000e6d00000)
  to   space 15872K, 0% used [0x00000000e4f00000,0x00000000e4f00000,0x00000000e5e80000)
 ParOldGen       total 99840K, used 20048K [0x0000000089200000, 0x000000008f380000, 0x00000000d8600000)
  object space 99840K, 20% used [0x0000000089200000,0x000000008a5941f8,0x000000008f380000)
 Metaspace       used 42456K, capacity 42836K, committed 43264K, reserved 1087488K
  class space    used 5270K, capacity 5375K, committed 5376K, reserved 1048576K
}
Event: 92.627 GC heap before
{Heap before GC invocations=21 (full 2):
 PSYoungGen      total 220672K, used 219015K [0x00000000d8600000, 0x00000000e6f00000, 0x0000000100000000)
  eden space 205824K, 100% used [0x00000000d8600000,0x00000000e4f00000,0x00000000e4f00000)
  from space 14848K, 88% used [0x00000000e5e80000,0x00000000e6b61e48,0x00000000e6d00000)
  to   space 15872K, 0% used [0x00000000e4f00000,0x00000000e4f00000,0x00000000e5e80000)
 ParOldGen       total 99840K, used 20048K [0x0000000089200000, 0x000000008f380000, 0x00000000d8600000)
  object space 99840K, 20% used [0x0000000089200000,0x000000008a5941f8,0x000000008f380000)
 Metaspace       used 42975K, capacity 43418K, committed 43904K, reserved 1087488K
  class space    used 5343K, capacity 5440K, committed 5504K, reserved 1048576K
Event: 92.656 GC heap after
Heap after GC invocations=21 (full 2):
 PSYoungGen      total 221696K, used 15856K [0x00000000d8600000, 0x00000000e6f00000, 0x0000000100000000)
  eden space 205824K, 0% used [0x00000000d8600000,0x00000000d8600000,0x00000000e4f00000)
  from space 15872K, 99% used [0x00000000e4f00000,0x00000000e5e7c338,0x00000000e5e80000)
  to   space 14848K, 0% used [0x00000000e5e80000,0x00000000e5e80000,0x00000000e6d00000)
 ParOldGen       total 99840K, used 26682K [0x0000000089200000, 0x000000008f380000, 0x00000000d8600000)
  object space 99840K, 26% used [0x0000000089200000,0x000000008ac0e870,0x000000008f380000)
 Metaspace       used 42975K, capacity 43418K, committed 43904K, reserved 1087488K
  class space    used 5343K, capacity 5440K, committed 5504K, reserved 1048576K
}
Event: 95.359 GC heap before
{Heap before GC invocations=22 (full 2):
 PSYoungGen      total 221696K, used 221680K [0x00000000d8600000, 0x00000000e6f00000, 0x0000000100000000)
  eden space 205824K, 100% used [0x00000000d8600000,0x00000000e4f00000,0x00000000e4f00000)
  from space 15872K, 99% used [0x00000000e4f00000,0x00000000e5e7c338,0x00000000e5e80000)
  to   space 14848K, 0% used [0x00000000e5e80000,0x00000000e5e80000,0x00000000e6d00000)
 ParOldGen       total 99840K, used 26682K [0x0000000089200000, 0x000000008f380000, 0x00000000d8600000)
  object space 99840K, 26% used [0x0000000089200000,0x000000008ac0e870,0x000000008f380000)
 Metaspace       used 43207K, capacity 43578K, committed 43904K, reserved 1087488K
  class space    used 5362K, capacity 5472K, committed 5504K, reserved 1048576K
Event: 95.400 GC heap after
Heap after GC invocations=22 (full 2):
 PSYoungGen      total 220672K, used 14822K [0x00000000d8600000, 0x00000000e6f00000, 0x0000000100000000)
  eden space 205824K, 0% used [0x00000000d8600000,0x00000000d8600000,0x00000000e4f00000)
  from space 14848K, 99% used [0x00000000e5e80000,0x00000000e6cf9880,0x00000000e6d00000)
  to   space 15872K, 0% used [0x00000000e4f00000,0x00000000e4f00000,0x00000000e5e80000)
 ParOldGen       total 99840K, used 28204K [0x0000000089200000, 0x000000008f380000, 0x00000000d8600000)
  object space 99840K, 28% used [0x0000000089200000,0x000000008ad8b350,0x000000008f380000)
 Metaspace       used 43207K, capacity 43578K, committed 43904K, reserved 1087488K
  class space    used 5362K, capacity 5472K, committed 5504K, reserved 1048576K
}

